  [1m[35m (854.4ms)[0m  [1m[35mCREATE DATABASE "music_app_development" ENCODING = 'unicode'[0m
  ↳ bin/rails:9
  [1m[35m (529.7ms)[0m  [1m[35mCREATE DATABASE "music_app_test" ENCODING = 'unicode'[0m
  ↳ bin/rails:9
  [1m[35m (18.8ms)[0m  [1m[35mCREATE TABLE "schema_migrations" ("version" character varying NOT NULL PRIMARY KEY)[0m
  ↳ bin/rails:9
  [1m[35m (22.6ms)[0m  [1m[35mCREATE TABLE "ar_internal_metadata" ("key" character varying NOT NULL PRIMARY KEY, "value" character varying, "created_at" timestamp NOT NULL, "updated_at" timestamp NOT NULL)[0m
  ↳ bin/rails:9
  [1m[35m (0.8ms)[0m  [1m[34mSELECT pg_try_advisory_lock(4505726345591715405)[0m
  ↳ bin/rails:9
  [1m[35m (1.2ms)[0m  [1m[34mSELECT "schema_migrations"."version" FROM "schema_migrations" ORDER BY "schema_migrations"."version" ASC[0m
  ↳ bin/rails:9
Migrating to CreateUsers (20181115181501)
  [1m[35m (0.2ms)[0m  [1m[35mBEGIN[0m
  ↳ bin/rails:9
  [1m[35m (32.1ms)[0m  [1m[35mCREATE TABLE "users" ("id" bigserial primary key, "email" character varying NOT NULL, "password_digest" character varying NOT NULL, "session_token" character varying NOT NULL, "created_at" timestamp NOT NULL, "updated_at" timestamp NOT NULL)[0m
  ↳ db/migrate/20181115181501_create_users.rb:3
  [1m[35m (1.8ms)[0m  [1m[35mCREATE UNIQUE INDEX  "index_users_on_email" ON "users"  ("email")[0m
  ↳ db/migrate/20181115181501_create_users.rb:10
  [1m[35m (2.6ms)[0m  [1m[35mCREATE UNIQUE INDEX  "index_users_on_password_digest" ON "users"  ("password_digest")[0m
  ↳ db/migrate/20181115181501_create_users.rb:11
  [1m[36mActiveRecord::SchemaMigration Create (1.5ms)[0m  [1m[32mINSERT INTO "schema_migrations" ("version") VALUES ($1) RETURNING "version"[0m  [["version", "20181115181501"]]
  ↳ bin/rails:9
  [1m[35m (1.0ms)[0m  [1m[35mCOMMIT[0m
  ↳ bin/rails:9
  [1m[36mActiveRecord::InternalMetadata Load (0.5ms)[0m  [1m[34mSELECT  "ar_internal_metadata".* FROM "ar_internal_metadata" WHERE "ar_internal_metadata"."key" = $1 LIMIT $2[0m  [["key", "environment"], ["LIMIT", 1]]
  ↳ bin/rails:9
  [1m[35m (0.2ms)[0m  [1m[35mBEGIN[0m
  ↳ bin/rails:9
  [1m[36mActiveRecord::InternalMetadata Create (7.6ms)[0m  [1m[32mINSERT INTO "ar_internal_metadata" ("key", "value", "created_at", "updated_at") VALUES ($1, $2, $3, $4) RETURNING "key"[0m  [["key", "environment"], ["value", "development"], ["created_at", "2018-11-15 18:17:42.670563"], ["updated_at", "2018-11-15 18:17:42.670563"]]
  ↳ bin/rails:9
  [1m[35m (5.1ms)[0m  [1m[35mCOMMIT[0m
  ↳ bin/rails:9
  [1m[35m (0.4ms)[0m  [1m[34mSELECT pg_advisory_unlock(4505726345591715405)[0m
  ↳ bin/rails:9
  [1m[35m (1.0ms)[0m  [1m[34mSELECT "schema_migrations"."version" FROM "schema_migrations" ORDER BY "schema_migrations"."version" ASC[0m
  ↳ bin/rails:9
  [1m[35m (1.0ms)[0m  [1m[34mSELECT "schema_migrations"."version" FROM "schema_migrations" ORDER BY "schema_migrations"."version" ASC[0m
  ↳ /Users/Lar/.rbenv/versions/2.3.1/bin/annotate:23
Started GET "/" for 127.0.0.1 at 2018-11-15 10:38:49 -0800
  [1m[35m (1.6ms)[0m  [1m[34mSELECT "schema_migrations"."version" FROM "schema_migrations" ORDER BY "schema_migrations"."version" ASC[0m
  ↳ /Users/Lar/.rbenv/versions/2.3.1/lib/ruby/gems/2.3.0/gems/activerecord-5.2.1/lib/active_record/log_subscriber.rb:98
Processing by Rails::WelcomeController#index as HTML
  Rendering /Users/Lar/.rbenv/versions/2.3.1/lib/ruby/gems/2.3.0/gems/railties-5.2.1/lib/rails/templates/rails/welcome/index.html.erb
  Rendered /Users/Lar/.rbenv/versions/2.3.1/lib/ruby/gems/2.3.0/gems/railties-5.2.1/lib/rails/templates/rails/welcome/index.html.erb (9.1ms)
Completed 200 OK in 65ms (Views: 47.5ms | ActiveRecord: 0.0ms)


Started GET "/users/new" for 127.0.0.1 at 2018-11-15 10:38:53 -0800

NameError - uninitialized constant UsersController:

Started POST "/__better_errors/32214dd6c40c048c/variables" for 127.0.0.1 at 2018-11-15 10:38:53 -0800
Started GET "/users/new" for 127.0.0.1 at 2018-11-15 10:39:58 -0800
Started GET "/users/new" for 127.0.0.1 at 2018-11-15 10:40:08 -0800
Processing by UsersController#new as HTML
  Rendering users/new.html.erb within layouts/application
  Rendered users/new.html.erb within layouts/application (0.6ms)
Completed 200 OK in 430ms (Views: 429.2ms | ActiveRecord: 0.0ms)


Processing by UsersController#new as HTML
  Rendering users/new.html.erb within layouts/application
  Rendered users/new.html.erb within layouts/application (0.1ms)
Completed 200 OK in 55ms (Views: 54.0ms | ActiveRecord: 0.0ms)


Started GET "/users/new" for 127.0.0.1 at 2018-11-15 10:40:26 -0800
Processing by UsersController#new as HTML
  Rendering users/new.html.erb within layouts/application
  Rendered users/new.html.erb within layouts/application (0.7ms)
Completed 200 OK in 37ms (Views: 36.8ms | ActiveRecord: 0.0ms)


Started GET "/users/new" for 127.0.0.1 at 2018-11-15 10:44:47 -0800
Processing by UsersController#new as HTML
  Rendering users/new.html.erb within layouts/application
  Rendered users/new.html.erb within layouts/application (0.4ms)
Completed 200 OK in 29ms (Views: 27.9ms | ActiveRecord: 0.0ms)


Started GET "/users/new" for 127.0.0.1 at 2018-11-15 10:44:48 -0800
Processing by UsersController#new as HTML
  Rendering users/new.html.erb within layouts/application
  Rendered users/new.html.erb within layouts/application (0.5ms)
Completed 200 OK in 42ms (Views: 41.1ms | ActiveRecord: 0.0ms)


Started POST "/users/users_url" for 127.0.0.1 at 2018-11-15 10:45:01 -0800
  
ActionController::RoutingError (No route matches [POST] "/users/users_url"):
  
actionpack (5.2.1) lib/action_dispatch/middleware/debug_exceptions.rb:65:in `call'
web-console (3.7.0) lib/web_console/middleware.rb:135:in `call_app'
web-console (3.7.0) lib/web_console/middleware.rb:30:in `block in call'
web-console (3.7.0) lib/web_console/middleware.rb:20:in `catch'
web-console (3.7.0) lib/web_console/middleware.rb:20:in `call'
actionpack (5.2.1) lib/action_dispatch/middleware/show_exceptions.rb:33:in `call'
railties (5.2.1) lib/rails/rack/logger.rb:38:in `call_app'
railties (5.2.1) lib/rails/rack/logger.rb:26:in `block in call'
activesupport (5.2.1) lib/active_support/tagged_logging.rb:71:in `block in tagged'
activesupport (5.2.1) lib/active_support/tagged_logging.rb:28:in `tagged'
activesupport (5.2.1) lib/active_support/tagged_logging.rb:71:in `tagged'
railties (5.2.1) lib/rails/rack/logger.rb:26:in `call'
sprockets-rails (3.2.1) lib/sprockets/rails/quiet_assets.rb:13:in `call'
actionpack (5.2.1) lib/action_dispatch/middleware/remote_ip.rb:81:in `call'
actionpack (5.2.1) lib/action_dispatch/middleware/request_id.rb:27:in `call'
rack (2.0.6) lib/rack/method_override.rb:22:in `call'
rack (2.0.6) lib/rack/runtime.rb:22:in `call'
activesupport (5.2.1) lib/active_support/cache/strategy/local_cache_middleware.rb:29:in `call'
actionpack (5.2.1) lib/action_dispatch/middleware/executor.rb:14:in `call'
actionpack (5.2.1) lib/action_dispatch/middleware/static.rb:127:in `call'
rack (2.0.6) lib/rack/sendfile.rb:111:in `call'
railties (5.2.1) lib/rails/engine.rb:524:in `call'
puma (3.12.0) lib/puma/configuration.rb:225:in `call'
puma (3.12.0) lib/puma/server.rb:658:in `handle_request'
puma (3.12.0) lib/puma/server.rb:472:in `process_client'
puma (3.12.0) lib/puma/server.rb:332:in `block in run'
puma (3.12.0) lib/puma/thread_pool.rb:133:in `block in spawn_thread'
Started GET "/users/new" for 127.0.0.1 at 2018-11-15 10:47:47 -0800
Processing by UsersController#new as HTML
  Rendering users/new.html.erb within layouts/application
  Rendered users/new.html.erb within layouts/application (0.8ms)
Completed 200 OK in 29ms (Views: 28.3ms | ActiveRecord: 0.0ms)


Started POST "/users" for 127.0.0.1 at 2018-11-15 10:47:53 -0800
Processing by UsersController#create as HTML
  Parameters: {"user"=>{"name"=>"test@test.gov", "password"=>"[FILTERED]"}}
Can't verify CSRF token authenticity.
Completed 422 Unprocessable Entity in 1ms (ActiveRecord: 0.0ms)



ActionController::InvalidAuthenticityToken - ActionController::InvalidAuthenticityToken:

Started POST "/__better_errors/6c64446d4c870486/variables" for 127.0.0.1 at 2018-11-15 10:47:53 -0800
Started GET "/users/new" for 127.0.0.1 at 2018-11-15 10:54:05 -0800
Processing by UsersController#new as HTML
  Rendering users/new.html.erb within layouts/application
  Rendered users/new.html.erb within layouts/application (0.8ms)
Completed 200 OK in 29ms (Views: 28.3ms | ActiveRecord: 0.0ms)


Started POST "/users" for 127.0.0.1 at 2018-11-15 10:54:11 -0800
Processing by UsersController#create as HTML
  Parameters: {"authenticity_token"=>"5P4Ai0/BX987aYNCUihZY0Q4DdGmM4gw/OTRWVPGfgXl6dmbpI04koxMDfBt0qv9lQ+Eo5Orf0axeuz4AYajBg==", "user"=>{"name"=>"test@test.gov", "password"=>"[FILTERED]"}}
Unpermitted parameter: :name
Completed 500 Internal Server Error in 40ms (ActiveRecord: 15.2ms)



ActiveModel::UnknownAttributeError - unknown attribute 'password' for User.:
  app/controllers/users_controller.rb:8:in `create'

Started POST "/__better_errors/b61aad79046565ef/variables" for 127.0.0.1 at 2018-11-15 10:54:12 -0800
Started GET "/users/new" for 127.0.0.1 at 2018-11-15 10:57:05 -0800
Processing by UsersController#new as HTML
  Rendering users/new.html.erb within layouts/application
  Rendered users/new.html.erb within layouts/application (0.7ms)
Completed 200 OK in 24ms (Views: 23.8ms | ActiveRecord: 0.0ms)


Started POST "/users" for 127.0.0.1 at 2018-11-15 10:57:11 -0800
Processing by UsersController#create as HTML
  Parameters: {"user"=>{"name"=>"test@test.gov", "password"=>"[FILTERED]"}}
Can't verify CSRF token authenticity.
Completed 422 Unprocessable Entity in 1ms (ActiveRecord: 0.0ms)



ActionController::InvalidAuthenticityToken - ActionController::InvalidAuthenticityToken:

Started POST "/__better_errors/6449b56cd0b60d8a/variables" for 127.0.0.1 at 2018-11-15 10:57:11 -0800
Started GET "/users/new" for 127.0.0.1 at 2018-11-15 10:59:29 -0800
Processing by UsersController#new as HTML
  Rendering users/new.html.erb within layouts/application
  Rendered users/new.html.erb within layouts/application (1.0ms)
Completed 200 OK in 27ms (Views: 26.0ms | ActiveRecord: 0.0ms)


Started POST "/users" for 127.0.0.1 at 2018-11-15 10:59:35 -0800
Processing by UsersController#create as HTML
  Parameters: {"authenticity_token"=>"3ubcb3O1ZFE3XW/jpA+LqHEcgjkw/i8cEeVCXOyY/abf8QV/mPkDHIB44VGb9Xk2oCsLSwVm2Gpce3/9vtggpQ==", "user"=>{"name"=>"test@test.gov", "password"=>"[FILTERED]"}}
Unpermitted parameter: :name
Completed 500 Internal Server Error in 28ms (ActiveRecord: 10.8ms)



ActiveModel::UnknownAttributeError - unknown attribute 'password' for User.:
  app/controllers/users_controller.rb:8:in `create'

Started POST "/__better_errors/dff3129c9189a689/variables" for 127.0.0.1 at 2018-11-15 10:59:35 -0800
Started GET "/users/new" for 127.0.0.1 at 2018-11-15 11:00:43 -0800
Processing by UsersController#new as HTML
  Rendering users/new.html.erb within layouts/application
  Rendered users/new.html.erb within layouts/application (1.1ms)
Completed 200 OK in 35ms (Views: 33.6ms | ActiveRecord: 0.0ms)


Started POST "/users" for 127.0.0.1 at 2018-11-15 11:00:48 -0800
Processing by UsersController#create as HTML
  Parameters: {"authenticity_token"=>"aAl8cRNyH7RRrYZLZH7muOrNuChR9/IjDGY87wXEu/xpHqVh+D54+eaICPlbhBQmO/oxWmRvBVVB+AFOV4Rm/w==", "user"=>{"email"=>"test@test.gov", "password"=>"[FILTERED]"}}
Completed 500 Internal Server Error in 3ms (ActiveRecord: 0.0ms)



ActiveModel::UnknownAttributeError - unknown attribute 'password' for User.:
  app/controllers/users_controller.rb:8:in `create'

Started POST "/__better_errors/ea850e4665703d1a/variables" for 127.0.0.1 at 2018-11-15 11:00:49 -0800
Started POST "/__better_errors/ea850e4665703d1a/variables" for 127.0.0.1 at 2018-11-15 11:01:39 -0800
Started GET "/users/new" for 127.0.0.1 at 2018-11-15 11:04:15 -0800
Processing by UsersController#new as HTML
  Rendering users/new.html.erb within layouts/application
  Rendered users/new.html.erb within layouts/application (0.6ms)
Completed 200 OK in 26ms (Views: 25.5ms | ActiveRecord: 0.0ms)


Started POST "/users" for 127.0.0.1 at 2018-11-15 11:04:21 -0800
Processing by UsersController#create as HTML
  Parameters: {"authenticity_token"=>"cZkNlRL3uGN4//UiyIYDgnwuCKoH/rwCSRrLdFQiRyJwjtSF+bvfLs/ae5D3fPEcrRmB2DJmS3QEhPbVBmKaIQ==", "user"=>{"email"=>"test@test.gov", "password"=>"[FILTERED]"}}
  [1m[35m (0.2ms)[0m  [1m[35mBEGIN[0m
  ↳ app/controllers/users_controller.rb:10
  [1m[35m (2.1ms)[0m  [1m[31mROLLBACK[0m
  ↳ app/controllers/users_controller.rb:10
Completed 500 Internal Server Error in 139ms (ActiveRecord: 11.9ms)



NoMethodError - undefined method `ensure_session_token' for #<User:0x007ff21a8a2410>:
  app/controllers/users_controller.rb:10:in `create'

Started POST "/__better_errors/c3feb1cbd4db4765/variables" for 127.0.0.1 at 2018-11-15 11:04:22 -0800
Started GET "/users/new" for 127.0.0.1 at 2018-11-15 11:05:05 -0800
Processing by UsersController#new as HTML
  Rendering users/new.html.erb within layouts/application
  Rendered users/new.html.erb within layouts/application (0.9ms)
Completed 200 OK in 23ms (Views: 22.0ms | ActiveRecord: 0.0ms)


Started POST "/users" for 127.0.0.1 at 2018-11-15 11:05:10 -0800
Processing by UsersController#create as HTML
  Parameters: {"authenticity_token"=>"gcSpoQApjzSRPIwGawp+1fwCJY4NhHk5PAau9xSWq1aA03Cx62XoeSYZArRU8IxLLTWs/Dgcjk9xmJNWRtZ2VQ==", "user"=>{"email"=>"test@test.gov", "password"=>"[FILTERED]"}}
  [1m[35m (0.2ms)[0m  [1m[35mBEGIN[0m
  ↳ app/controllers/users_controller.rb:10
  [1m[35m (0.3ms)[0m  [1m[31mROLLBACK[0m
  ↳ app/controllers/users_controller.rb:10
Completed 500 Internal Server Error in 106ms (ActiveRecord: 8.3ms)



NameError - uninitialized constant User::SecureRandom_urlsafe_base64:
  app/models/user.rb:24:in `generate_session_token'
  app/models/user.rb:53:in `ensure_session_token'
  app/controllers/users_controller.rb:10:in `create'

Started POST "/__better_errors/1f06692c3dc6e0b8/variables" for 127.0.0.1 at 2018-11-15 11:05:10 -0800
Started GET "/users/new" for 127.0.0.1 at 2018-11-15 11:05:48 -0800
Processing by UsersController#new as HTML
  Rendering users/new.html.erb within layouts/application
  Rendered users/new.html.erb within layouts/application (1.2ms)
Completed 200 OK in 34ms (Views: 32.9ms | ActiveRecord: 0.0ms)


Started POST "/users" for 127.0.0.1 at 2018-11-15 11:05:54 -0800
Processing by UsersController#create as HTML
  Parameters: {"authenticity_token"=>"QCyjoNWT7X/U5ZyjF3gT97Qxt2PXiBZxhyb9KQNK/GtBO3qwPt+KMmPAEhEoguFpZQY+EeIQ4QfKuMCIUQohaA==", "user"=>{"email"=>"test@test.gov", "password"=>"[FILTERED]"}}
  [1m[35m (0.2ms)[0m  [1m[35mBEGIN[0m
  ↳ app/controllers/users_controller.rb:10
  [1m[35m (0.3ms)[0m  [1m[31mROLLBACK[0m
  ↳ app/controllers/users_controller.rb:10
Completed 500 Internal Server Error in 115ms (ActiveRecord: 9.2ms)



NameError - uninitialized constant User::SecureRandom_urlsafe_base64:
  app/models/user.rb:24:in `generate_session_token'
  app/models/user.rb:53:in `ensure_session_token'
  app/controllers/users_controller.rb:10:in `create'

Started POST "/__better_errors/7b30d2d12e47d395/variables" for 127.0.0.1 at 2018-11-15 11:05:54 -0800
Started GET "/users/new" for 127.0.0.1 at 2018-11-15 11:06:13 -0800
Processing by UsersController#new as HTML
  Rendering users/new.html.erb within layouts/application
  Rendered users/new.html.erb within layouts/application (1.2ms)
Completed 200 OK in 28ms (Views: 27.8ms | ActiveRecord: 0.0ms)


Started POST "/users" for 127.0.0.1 at 2018-11-15 11:06:18 -0800
Processing by UsersController#create as HTML
  Parameters: {"authenticity_token"=>"hd/Yir3Gks1lElQ83+/q92bWa9fNA1M/a2/H9gY5EmiEyAGaVor1gNI32o7gFRhpt+HipfibpEkm8fpXVHnPaw==", "user"=>{"email"=>"test@test.gov", "password"=>"[FILTERED]"}}
  [1m[35m (0.2ms)[0m  [1m[35mBEGIN[0m
  ↳ app/controllers/users_controller.rb:10
  [1m[36mUser Exists (2.1ms)[0m  [1m[34mSELECT  1 AS one FROM "users" WHERE "users"."email" = $1 LIMIT $2[0m  [["email", "test@test.gov"], ["LIMIT", 1]]
  ↳ app/controllers/users_controller.rb:10
  [1m[36mUser Exists (0.4ms)[0m  [1m[34mSELECT  1 AS one FROM "users" WHERE "users"."session_token" = $1 LIMIT $2[0m  [["session_token", "LHlQUIpqRkZOlnfUvbl8jQ"], ["LIMIT", 1]]
  ↳ app/controllers/users_controller.rb:10
  [1m[36mUser Create (3.9ms)[0m  [1m[32mINSERT INTO "users" ("email", "password_digest", "session_token", "created_at", "updated_at") VALUES ($1, $2, $3, $4, $5) RETURNING "id"[0m  [["email", "test@test.gov"], ["password_digest", "$2a$10$PcK44CeONeesepCvzIimNu0zYJugV5CnTlOUDyZW4Rbn0.Q/uXk3e"], ["session_token", "LHlQUIpqRkZOlnfUvbl8jQ"], ["created_at", "2018-11-15 19:06:18.823796"], ["updated_at", "2018-11-15 19:06:18.823796"]]
  ↳ app/controllers/users_controller.rb:10
  [1m[35m (0.5ms)[0m  [1m[35mCOMMIT[0m
  ↳ app/controllers/users_controller.rb:10
Redirected to http://localhost:3000/users/1
Completed 302 Found in 116ms (ActiveRecord: 15.9ms)


Started GET "/users/1" for 127.0.0.1 at 2018-11-15 11:06:18 -0800
Processing by UsersController#show as HTML
  Parameters: {"id"=>"1"}
Completed 406 Not Acceptable in 169ms (ActiveRecord: 0.0ms)



ActionController::UnknownFormat - UsersController#show is missing a template for this request format and variant.

request.formats: ["text/html"]
request.variant: []

NOTE! For XHR/Ajax or API requests, this action would normally respond with 204 No Content: an empty white screen. Since you're loading it in a web browser, we assume that you expected to actually render a template, not nothing, so we're showing an error to be extra-clear. If you expect 204 No Content, carry on. That's what you'll get from an XHR or API request. Give it a shot.:

Started POST "/__better_errors/b0a499518ced646c/variables" for 127.0.0.1 at 2018-11-15 11:06:19 -0800
Started GET "/users/1" for 127.0.0.1 at 2018-11-15 11:08:27 -0800
Processing by UsersController#show as HTML
  Parameters: {"id"=>"1"}
  [1m[36mUser Load (0.5ms)[0m  [1m[34mSELECT  "users".* FROM "users" WHERE "users"."id" = $1 LIMIT $2[0m  [["id", 1], ["LIMIT", 1]]
  ↳ app/controllers/users_controller.rb:19
  Rendering users/show.html.erb within layouts/application
  Rendered users/show.html.erb within layouts/application (1.0ms)
Completed 200 OK in 66ms (Views: 39.4ms | ActiveRecord: 7.8ms)


Started GET "/users/new" for 127.0.0.1 at 2018-11-15 11:08:40 -0800
Processing by UsersController#new as HTML
  Rendering users/new.html.erb within layouts/application
  Rendered users/new.html.erb within layouts/application (0.9ms)
Completed 200 OK in 29ms (Views: 27.7ms | ActiveRecord: 0.0ms)


Started POST "/users" for 127.0.0.1 at 2018-11-15 11:08:48 -0800
Processing by UsersController#create as HTML
  Parameters: {"authenticity_token"=>"TtiL7o9CXEXgNJHf0zHsu67F7D0bnnZZpqEdO0iWvhdPz1L+ZA47CFcRH23syx4lf/JlTy4GgS/rPyCaGtZjFA==", "user"=>{"email"=>"test2@lol.lol", "password"=>"[FILTERED]"}}
  [1m[35m (0.2ms)[0m  [1m[35mBEGIN[0m
  ↳ app/controllers/users_controller.rb:10
  [1m[36mUser Exists (0.6ms)[0m  [1m[34mSELECT  1 AS one FROM "users" WHERE "users"."email" = $1 LIMIT $2[0m  [["email", "test2@lol.lol"], ["LIMIT", 1]]
  ↳ app/controllers/users_controller.rb:10
  [1m[36mUser Exists (0.4ms)[0m  [1m[34mSELECT  1 AS one FROM "users" WHERE "users"."session_token" = $1 LIMIT $2[0m  [["session_token", "8p_c-minAWbyGWrkWYA2AQ"], ["LIMIT", 1]]
  ↳ app/controllers/users_controller.rb:10
  [1m[36mUser Create (0.5ms)[0m  [1m[32mINSERT INTO "users" ("email", "password_digest", "session_token", "created_at", "updated_at") VALUES ($1, $2, $3, $4, $5) RETURNING "id"[0m  [["email", "test2@lol.lol"], ["password_digest", "$2a$10$3F0/gAIl2smzN/KKSv5xuuonwwG1yOiiMM6dys6Ky.ve2isTGysbO"], ["session_token", "8p_c-minAWbyGWrkWYA2AQ"], ["created_at", "2018-11-15 19:08:48.696626"], ["updated_at", "2018-11-15 19:08:48.696626"]]
  ↳ app/controllers/users_controller.rb:10
  [1m[35m (0.7ms)[0m  [1m[35mCOMMIT[0m
  ↳ app/controllers/users_controller.rb:10
Redirected to http://localhost:3000/users/2
Completed 302 Found in 85ms (ActiveRecord: 2.4ms)


Started GET "/users/2" for 127.0.0.1 at 2018-11-15 11:08:48 -0800
Processing by UsersController#show as HTML
  Parameters: {"id"=>"2"}
  [1m[36mUser Load (0.4ms)[0m  [1m[34mSELECT  "users".* FROM "users" WHERE "users"."id" = $1 LIMIT $2[0m  [["id", 2], ["LIMIT", 1]]
  ↳ app/controllers/users_controller.rb:19
  Rendering users/show.html.erb within layouts/application
  Rendered users/show.html.erb within layouts/application (0.5ms)
Completed 200 OK in 26ms (Views: 24.0ms | ActiveRecord: 0.4ms)


